whisker Test Suite Report
======================================================================
Date: 2025-10-17 21:38:46
Total Tests: 11
Passed: 0
Failed: 11
Skipped: 0
Duration: 0.007s
Pass Rate: 0.0%

Detailed Results:
----------------------------------------------------------------------

Basic Engine Test: FAILED
  Duration: 0.001s
  Error: tests/test_story.lua:8: attempt to call a nil value (global 'describe')

Renderer Test: FAILED
  Duration: 0.001s
  Error: tests/test_renderer.lua:7: attempt to call a nil value (global 'describe')

Metatable Preservation Test: FAILED
  Duration: 0.001s
  Error: tests/test_metatable_preservation.lua:9: attempt to call a nil value (global 'describe')

String Utils Test: FAILED
  Duration: 0.000s
  Error: tests/test_string_utils.lua:4: attempt to call a nil value (global 'describe')

Event System Test: FAILED
  Duration: 0.000s
  Error: tests/test_event_system.lua:4: attempt to call a nil value (global 'describe')

Validator Test: FAILED
  Duration: 0.000s
  Error: tests/test_validator.lua:7: attempt to call a nil value (global 'describe')

Profiler Test: FAILED
  Duration: 0.001s
  Error: tests/test_profiler.lua:8: attempt to call a nil value (global 'describe')

Debugger Test: FAILED
  Duration: 0.000s
  Error: tests/test_debugger.lua:8: attempt to call a nil value (global 'describe')

Twine Import Test: FAILED
  Duration: 0.001s
  Error: tests/test_import.lua:6: attempt to call a nil value (global 'describe')

Twine Export Test: FAILED
  Duration: 0.000s
  Error: tests/test_export.lua:6: attempt to call a nil value (global 'describe')

Compact Format Test: FAILED
  Duration: 0.000s
  Error: tests/test_compact_format.lua:4: attempt to call a nil value (global 'describe')
